<?xml version="1.0" encoding="UTF-8"?>
<!-- Generated by org.testng.reporters.JUnitXMLReporter -->
<testsuite ignored="0" hostname="DESKTOP-EP453AB" failures="0" tests="3" name="Command line test" time="18.829" errors="0" timestamp="2025-06-02T19:55:22 EEST">
  <testcase classname="tests.InvalidLoginTest" name="testInvalidLogin" time="0.376"/>
  <testcase classname="tests.InvalidLoginTest" name="testInvalidLogin" time="6.246"/>
  <testcase classname="tests.InvalidLoginTest" name="testInvalidLogin" time="5.264"/>
</testsuite> <!-- Command line test -->
