<?xml version="1.0" encoding="UTF-8"?>
<testng-results ignored="0" total="3" passed="3" failed="0" skipped="0">
  <reporter-output>
  </reporter-output>
  <suite started-at="2025-06-02T19:55:03 EEST" name="Command line suite" finished-at="2025-06-02T19:55:22 EEST" duration-ms="18829">
    <groups>
    </groups>
    <test started-at="2025-06-02T19:55:03 EEST" name="Command line test" finished-at="2025-06-02T19:55:22 EEST" duration-ms="18829">
      <class name="tests.InvalidLoginTest">
        <test-method is-config="true" signature="setUp()[pri:0, instance:tests.InvalidLoginTest@53976f5c]" started-at="2025-06-02T19:55:03 EEST" name="setUp" finished-at="2025-06-02T19:55:06 EEST" duration-ms="2571" status="PASS">
          <reporter-output>
          </reporter-output>
        </test-method> <!-- setUp -->
        <test-method is-config="true" signature="refreshPage()[pri:0, instance:tests.InvalidLoginTest@53976f5c]" started-at="2025-06-02T19:55:06 EEST" name="refreshPage" finished-at="2025-06-02T19:55:06 EEST" duration-ms="782" status="PASS">
          <reporter-output>
          </reporter-output>
        </test-method> <!-- refreshPage -->
        <test-method signature="testInvalidLogin(java.lang.String,java.lang.String,java.lang.String)[pri:0, instance:tests.InvalidLoginTest@53976f5c]" started-at="2025-06-02T19:55:06 EEST" name="testInvalidLogin" data-provider="invalidLoginData" finished-at="2025-06-02T19:55:07 EEST" duration-ms="376" status="PASS">
          <params>
            <param index="0">
              <value>
                <![CDATA[testuser@]]>
              </value>
            </param>
            <param index="1">
              <value>
                <![CDATA[Parola123]]>
              </value>
            </param>
            <param index="2">
              <value>
                <![CDATA[Please enter a part following '@'.'testuser@' is incomplete.]]>
              </value>
            </param>
          </params>
          <reporter-output>
          </reporter-output>
        </test-method> <!-- testInvalidLogin -->
        <test-method is-config="true" signature="refreshPage()[pri:0, instance:tests.InvalidLoginTest@53976f5c]" started-at="2025-06-02T19:55:07 EEST" name="refreshPage" finished-at="2025-06-02T19:55:08 EEST" duration-ms="1087" status="PASS">
          <reporter-output>
          </reporter-output>
        </test-method> <!-- refreshPage -->
        <test-method signature="testInvalidLogin(java.lang.String,java.lang.String,java.lang.String)[pri:0, instance:tests.InvalidLoginTest@53976f5c]" started-at="2025-06-02T19:55:08 EEST" name="testInvalidLogin" data-provider="invalidLoginData" finished-at="2025-06-02T19:55:14 EEST" duration-ms="6246" status="PASS">
          <params>
            <param index="0">
              <value>
                <![CDATA[user@gmail.com]]>
              </value>
            </param>
            <param index="1">
              <value>
                <![CDATA[gresit]]>
              </value>
            </param>
            <param index="2">
              <value>
                <![CDATA[Parola a fost introdusa gresit]]>
              </value>
            </param>
          </params>
          <reporter-output>
          </reporter-output>
        </test-method> <!-- testInvalidLogin -->
        <test-method is-config="true" signature="refreshPage()[pri:0, instance:tests.InvalidLoginTest@53976f5c]" started-at="2025-06-02T19:55:14 EEST" name="refreshPage" finished-at="2025-06-02T19:55:16 EEST" duration-ms="2198" status="PASS">
          <reporter-output>
          </reporter-output>
        </test-method> <!-- refreshPage -->
        <test-method signature="testInvalidLogin(java.lang.String,java.lang.String,java.lang.String)[pri:0, instance:tests.InvalidLoginTest@53976f5c]" started-at="2025-06-02T19:55:16 EEST" name="testInvalidLogin" data-provider="invalidLoginData" finished-at="2025-06-02T19:55:22 EEST" duration-ms="5264" status="PASS">
          <params>
            <param index="0">
              <value>
                <![CDATA[]]>
              </value>
            </param>
            <param index="1">
              <value>
                <![CDATA[]]>
              </value>
            </param>
            <param index="2">
              <value>
                <![CDATA[Please fill out this field]]>
              </value>
            </param>
          </params>
          <reporter-output>
          </reporter-output>
        </test-method> <!-- testInvalidLogin -->
        <test-method is-config="true" signature="tearDown()[pri:0, instance:tests.InvalidLoginTest@53976f5c]" started-at="2025-06-02T19:55:22 EEST" name="tearDown" finished-at="2025-06-02T19:55:22 EEST" duration-ms="232" status="PASS">
          <reporter-output>
          </reporter-output>
        </test-method> <!-- tearDown -->
      </class> <!-- tests.InvalidLoginTest -->
    </test> <!-- Command line test -->
  </suite> <!-- Command line suite -->
</testng-results>
